2026/02/13 17:04:12 [MODIFY] windose-os\src\components\WindowFrame.vue
2026/02/13 17:04:13 Indexed windose-os\src\components\WindowFrame.vue (9 chunks)
2026/02/13 17:04:20 [MODIFY] windose-os\src\components\InternetApp.vue
2026/02/13 17:04:20 Indexed windose-os\src\components\InternetApp.vue (16 chunks)
2026/02/13 17:04:46 [MODIFY] windose-os\src\components\InternetApp.vue
2026/02/13 17:04:46 Indexed windose-os\src\components\InternetApp.vue (16 chunks)
2026/02/13 17:04:51 [MODIFY] windose-os\src\components\JineChat.vue
2026/02/13 17:04:52 Indexed windose-os\src\components\JineChat.vue (36 chunks)
2026/02/13 17:10:11 [MODIFY] windose-os\firebase.static.deploy.json
2026/02/13 17:10:12 Indexed windose-os\firebase.static.deploy.json (2 chunks)
2026/02/13 17:10:38 [DELETE] windose-os\firebase.static.deploy.json
2026/02/13 17:10:38 Removed windose-os\firebase.static.deploy.json from index
2026/02/13 17:17:12 [MODIFY] windose-os\src\components\InternetApp.vue
2026/02/13 17:17:13 Indexed windose-os\src\components\InternetApp.vue (23 chunks)
2026/02/13 17:17:20 [MODIFY] windose-os\src\components\InternetApp.vue
2026/02/13 17:17:21 Indexed windose-os\src\components\InternetApp.vue (23 chunks)
2026/02/13 17:18:28 [MODIFY] windose-os\src\components\InternetApp.vue
2026/02/13 17:18:29 Indexed windose-os\src\components\InternetApp.vue (29 chunks)
2026/02/13 17:18:42 [MODIFY] windose-os\src\components\InternetApp.vue
2026/02/13 17:18:43 Indexed windose-os\src\components\InternetApp.vue (29 chunks)
2026/02/13 17:18:53 [MODIFY] windose-os\src\components\InternetApp.vue
2026/02/13 17:18:53 Indexed windose-os\src\components\InternetApp.vue (30 chunks)
2026/02/13 17:19:10 [MODIFY] windose-os\src\components\InternetApp.vue
2026/02/13 17:19:11 Indexed windose-os\src\components\InternetApp.vue (30 chunks)
