
> windose-os@0.0.0 dev
> vite --host 0.0.0.0 --port 5173 --strictPort


  [32m[1mVITE[22m v7.3.1[39m  [2mready in [0m[1m285[22m[2m[0m ms[22m

  [32m➜[39m  [1mLocal[22m:   [36mhttp://localhost:[1m5173[22m/[39m
  [32m➜[39m  [1mNetwork[22m: [36mhttp://192.168.56.1:[1m5173[22m/[39m
  [32m➜[39m  [1mNetwork[22m: [36mhttp://192.168.1.46:[1m5173[22m/[39m
[2m[32m  ➜[39m[22m[2m  press [22m[1mh + enter[22m[2m to show help[22m
[2m6:30:49 pm[22m [36m[1m[vite][22m[39m [90m[2m(client)[22m[39m [32mhmr update [39m[2m/src/App.vue, /src/components/JineChat.vue[22m
[2m6:31:04 pm[22m [36m[1m[vite][22m[39m [90m[2m(client)[22m[39m [32mhmr update [39m[2m/src/App.vue, /src/components/JineChat.vue[22m
[2m6:31:19 pm[22m [36m[1m[vite][22m[39m [90m[2m(client)[22m[39m [32mhmr update [39m[2m/src/App.vue, /src/components/JineChat.vue[22m
[2m6:31:45 pm[22m [36m[1m[vite][22m[39m [90m[2m(client)[22m[39m [32mhmr update [39m[2m/src/App.vue, /src/components/JineChat.vue[22m
[2m6:31:57 pm[22m [36m[1m[vite][22m[39m [90m[2m(client)[22m[39m [32mhmr update [39m[2m/src/App.vue, /src/components/JineChat.vue[22m
[2m6:32:04 pm[22m [36m[1m[vite][22m[39m [90m[2m(client)[22m[39m [32mhmr update [39m[2m/src/App.vue, /src/components/JineChat.vue[22m
[2m6:32:16 pm[22m [36m[1m[vite][22m[39m [90m[2m(client)[22m[39m [32mhmr update [39m[2m/src/components/JineChat.vue[22m
[2m6:32:27 pm[22m [36m[1m[vite][22m[39m [90m[2m(client)[22m[39m [32mhmr update [39m[2m/src/components/JineChat.vue[22m
[2m6:32:41 pm[22m [36m[1m[vite][22m[39m [90m[2m(client)[22m[39m [32mhmr update [39m[2m/src/components/JineChat.vue?vue&type=style&index=0&scoped=32b4009c&lang.css[22m
[2m6:33:46 pm[22m [36m[1m[vite][22m[39m [90m[2m(client)[22m[39m [32mhmr update [39m[2m/src/App.vue, /src/components/JineChat.vue[22m
[2m6:36:26 pm[22m [36m[1m[vite][22m[39m [90m[2m(client)[22m[39m [32mhmr update [39m[2m/src/App.vue, /src/components/JineChat.vue[22m
[2m6:36:47 pm[22m [36m[1m[vite][22m[39m [90m[2m(client)[22m[39m [32mhmr update [39m[2m/src/components/JineChat.vue[22m
[2m6:36:56 pm[22m [36m[1m[vite][22m[39m [90m[2m(client)[22m[39m [32mhmr update [39m[2m/src/components/JineChat.vue[22m
[2m6:37:16 pm[22m [36m[1m[vite][22m[39m [90m[2m(client)[22m[39m [32mhmr update [39m[2m/src/components/JineChat.vue?vue&type=style&index=0&scoped=32b4009c&lang.css[22m
[2m6:43:34 pm[22m [36m[1m[vite][22m[39m [90m[2m(client)[22m[39m [32mhmr update [39m[2m/src/components/JineChat.vue[22m
[2m6:44:21 pm[22m [36m[1m[vite][22m[39m [90m[2m(client)[22m[39m [32mhmr update [39m[2m/src/components/JineChat.vue?vue&type=style&index=0&scoped=32b4009c&lang.css[22m
[2m6:46:10 pm[22m [36m[1m[vite][22m[39m [90m[2m(client)[22m[39m [32mhmr update [39m[2m/src/components/JineChat.vue[22m
[2m6:46:17 pm[22m [36m[1m[vite][22m[39m [90m[2m(client)[22m[39m [32mhmr update [39m[2m/src/components/JineChat.vue?vue&type=style&index=0&scoped=32b4009c&lang.css[22m
[2m6:47:37 pm[22m [36m[1m[vite][22m[39m [90m[2m(client)[22m[39m [32mhmr update [39m[2m/src/components/JineChat.vue?vue&type=style&index=0&scoped=32b4009c&lang.css[22m
[2m6:53:10 pm[22m [36m[1m[vite][22m[39m [90m[2m(client)[22m[39m [32mhmr update [39m[2m/src/components/JineChat.vue[22m
[2m6:53:21 pm[22m [36m[1m[vite][22m[39m [90m[2m(client)[22m[39m [32mhmr update [39m[2m/src/components/JineChat.vue?vue&type=style&index=0&scoped=32b4009c&lang.css[22m
[2m6:53:29 pm[22m [36m[1m[vite][22m[39m [90m[2m(client)[22m[39m [32mhmr update [39m[2m/src/components/JineAuth.vue[22m
[2m6:57:25 pm[22m [36m[1m[vite][22m[39m [90m[2m(client)[22m[39m [32mhmr update [39m[2m/src/components/JineChat.vue?vue&type=style&index=0&scoped=32b4009c&lang.css[22m
[2m7:03:14 pm[22m [36m[1m[vite][22m[39m [90m[2m(client)[22m[39m [32mhmr update [39m[2m/src/App.vue, /src/components/JineChat.vue[22m
[2m7:07:47 pm[22m [36m[1m[vite][22m[39m [90m[2m(client)[22m[39m [32mhmr update [39m[2m/src/App.vue, /src/components/JineChat.vue[22m
[2m7:08:02 pm[22m [36m[1m[vite][22m[39m [90m[2m(client)[22m[39m [32mhmr update [39m[2m/src/App.vue, /src/components/JineChat.vue[22m
[2m7:08:26 pm[22m [36m[1m[vite][22m[39m [90m[2m(client)[22m[39m [32mhmr update [39m[2m/src/App.vue, /src/components/JineChat.vue[22m
[2m7:08:54 pm[22m [36m[1m[vite][22m[39m [90m[2m(client)[22m[39m [32mhmr update [39m[2m/src/App.vue, /src/components/JineChat.vue[22m
[2m7:09:06 pm[22m [36m[1m[vite][22m[39m [90m[2m(client)[22m[39m [32mhmr update [39m[2m/src/App.vue, /src/components/JineChat.vue[22m
[2m7:09:33 pm[22m [36m[1m[vite][22m[39m [90m[2m(client)[22m[39m [32mhmr update [39m[2m/src/App.vue, /src/components/JineChat.vue[22m
[2m7:09:54 pm[22m [36m[1m[vite][22m[39m [90m[2m(client)[22m[39m [32mhmr update [39m[2m/src/App.vue, /src/components/JineChat.vue[22m
[2m7:10:03 pm[22m [36m[1m[vite][22m[39m [90m[2m(client)[22m[39m [32mhmr update [39m[2m/src/App.vue, /src/components/JineChat.vue[22m
[2m7:10:19 pm[22m [36m[1m[vite][22m[39m [90m[2m(client)[22m[39m [32mhmr update [39m[2m/src/App.vue, /src/components/JineChat.vue[22m
[2m7:11:06 pm[22m [36m[1m[vite][22m[39m [90m[2m(client)[22m[39m [32mhmr update [39m[2m/src/components/JineChat.vue[22m
[2m7:11:21 pm[22m [36m[1m[vite][22m[39m [90m[2m(client)[22m[39m [32mhmr update [39m[2m/src/components/JineChat.vue[22m
[2m7:11:31 pm[22m [36m[1m[vite][22m[39m [90m[2m(client)[22m[39m [32mhmr update [39m[2m/src/components/JineChat.vue[22m
[2m7:11:45 pm[22m [36m[1m[vite][22m[39m [90m[2m(client)[22m[39m [32mhmr update [39m[2m/src/components/JineChat.vue[22m
[2m7:12:25 pm[22m [36m[1m[vite][22m[39m [90m[2m(client)[22m[39m [32mhmr update [39m[2m/src/components/JineChat.vue[22m
[2m7:12:35 pm[22m [36m[1m[vite][22m[39m [90m[2m(client)[22m[39m [32mhmr update [39m[2m/src/components/JineChat.vue[22m
[2m7:13:16 pm[22m [36m[1m[vite][22m[39m [90m[2m(client)[22m[39m [32mhmr update [39m[2m/src/components/JineChat.vue[22m
[2m7:13:37 pm[22m [36m[1m[vite][22m[39m [90m[2m(client)[22m[39m [32mhmr update [39m[2m/src/components/JineChat.vue?vue&type=style&index=0&scoped=32b4009c&lang.css[22m
[2m7:14:30 pm[22m [36m[1m[vite][22m[39m [90m[2m(client)[22m[39m [32mhmr update [39m[2m/src/components/JineChat.vue?vue&type=style&index=0&scoped=32b4009c&lang.css[22m
[2m7:14:55 pm[22m [36m[1m[vite][22m[39m [90m[2m(client)[22m[39m [32mhmr update [39m[2m/src/App.vue, /src/components/JineChat.vue[22m
[2m7:15:08 pm[22m [36m[1m[vite][22m[39m [90m[2m(client)[22m[39m [32mhmr update [39m[2m/src/App.vue, /src/components/JineChat.vue[22m
[2m7:15:25 pm[22m [36m[1m[vite][22m[39m [90m[2m(client)[22m[39m [32mhmr update [39m[2m/src/App.vue, /src/components/JineChat.vue[22m
[2m7:15:42 pm[22m [36m[1m[vite][22m[39m [90m[2m(client)[22m[39m [32mhmr update [39m[2m/src/App.vue, /src/components/JineChat.vue[22m
[2m7:20:18 pm[22m [36m[1m[vite][22m[39m [90m[2m(client)[22m[39m [32mhmr update [39m[2m/src/App.vue, /src/components/JineChat.vue[22m
